e:\repos\dyneengine\dynevulkan\x64\mtdebug\vc143.pdb
e:\repos\dyneengine\dynevulkan\x64\mtdebug\vc143.idb
e:\repos\dyneengine\dynevulkan\x64\mtdebug\windowhandler.nativecodeanalysis.sarif
e:\repos\dyneengine\dynevulkan\x64\mtdebug\windowhandler.nativecodeanalysis.xml
e:\repos\dyneengine\dynevulkan\x64\mtdebug\main.nativecodeanalysis.sarif
e:\repos\dyneengine\dynevulkan\x64\mtdebug\main.nativecodeanalysis.xml
e:\repos\dyneengine\dynevulkan\x64\mtdebug\dynepipeline.nativecodeanalysis.sarif
e:\repos\dyneengine\dynevulkan\x64\mtdebug\dynepipeline.nativecodeanalysis.xml
e:\repos\dyneengine\dynevulkan\x64\mtdebug\dynedevice.nativecodeanalysis.sarif
e:\repos\dyneengine\dynevulkan\x64\mtdebug\dynedevice.nativecodeanalysis.xml
e:\repos\dyneengine\dynevulkan\x64\mtdebug\dyneswapchain.nativecodeanalysis.sarif
e:\repos\dyneengine\dynevulkan\x64\mtdebug\dyneswapchain.nativecodeanalysis.xml
e:\repos\dyneengine\dynevulkan\x64\mtdebug\application.nativecodeanalysis.sarif
e:\repos\dyneengine\dynevulkan\x64\mtdebug\application.nativecodeanalysis.xml
e:\repos\dyneengine\dynevulkan\x64\mtdebug\dynemodel.nativecodeanalysis.sarif
e:\repos\dyneengine\dynevulkan\x64\mtdebug\dynemodel.nativecodeanalysis.xml
e:\repos\dyneengine\dynevulkan\x64\mtdebug\gameobject.nativecodeanalysis.sarif
e:\repos\dyneengine\dynevulkan\x64\mtdebug\gameobject.nativecodeanalysis.xml
e:\repos\dyneengine\dynevulkan\x64\mtdebug\dynerenderer.nativecodeanalysis.sarif
e:\repos\dyneengine\dynevulkan\x64\mtdebug\dynerenderer.nativecodeanalysis.xml
e:\repos\dyneengine\dynevulkan\x64\mtdebug\defaultrendersystem.nativecodeanalysis.sarif
e:\repos\dyneengine\dynevulkan\x64\mtdebug\defaultrendersystem.nativecodeanalysis.xml
e:\repos\dyneengine\dynevulkan\x64\mtdebug\camera.nativecodeanalysis.sarif
e:\repos\dyneengine\dynevulkan\x64\mtdebug\camera.nativecodeanalysis.xml
e:\repos\dyneengine\dynevulkan\x64\mtdebug\inputhandler.nativecodeanalysis.sarif
e:\repos\dyneengine\dynevulkan\x64\mtdebug\inputhandler.nativecodeanalysis.xml
e:\repos\dyneengine\dynevulkan\x64\mtdebug\dynebuffer.nativecodeanalysis.sarif
e:\repos\dyneengine\dynevulkan\x64\mtdebug\dynebuffer.nativecodeanalysis.xml
e:\repos\dyneengine\dynevulkan\x64\mtdebug\dynedescriptors.nativecodeanalysis.sarif
e:\repos\dyneengine\dynevulkan\x64\mtdebug\dynedescriptors.nativecodeanalysis.xml
e:\repos\dyneengine\dynevulkan\x64\mtdebug\pointlightsystem.nativecodeanalysis.sarif
e:\repos\dyneengine\dynevulkan\x64\mtdebug\pointlightsystem.nativecodeanalysis.xml
e:\repos\dyneengine\dynevulkan\x64\mtdebug\pointlightsystem.obj
e:\repos\dyneengine\dynevulkan\x64\mtdebug\dynedescriptors.obj
e:\repos\dyneengine\dynevulkan\x64\mtdebug\dynebuffer.obj
e:\repos\dyneengine\dynevulkan\x64\mtdebug\inputhandler.obj
e:\repos\dyneengine\dynevulkan\x64\mtdebug\camera.obj
e:\repos\dyneengine\dynevulkan\x64\mtdebug\defaultrendersystem.obj
e:\repos\dyneengine\dynevulkan\x64\mtdebug\dynerenderer.obj
e:\repos\dyneengine\dynevulkan\x64\mtdebug\gameobject.obj
e:\repos\dyneengine\dynevulkan\x64\mtdebug\dynemodel.obj
e:\repos\dyneengine\dynevulkan\x64\mtdebug\application.obj
e:\repos\dyneengine\dynevulkan\x64\mtdebug\dyneswapchain.obj
e:\repos\dyneengine\dynevulkan\x64\mtdebug\dynedevice.obj
e:\repos\dyneengine\dynevulkan\x64\mtdebug\dynepipeline.obj
e:\repos\dyneengine\dynevulkan\x64\mtdebug\main.obj
e:\repos\dyneengine\dynevulkan\x64\mtdebug\windowhandler.obj
e:\repos\dyneengine\dynevulkan\x64\mtdebug\dynevulkan.ilk
e:\repos\dyneengine\x64\mtdebug\dynevulkan.exe
e:\repos\dyneengine\x64\mtdebug\dynevulkan.pdb
e:\repos\dyneengine\dynevulkan\x64\mtdebug\vc.nativecodeanalysis.all.xml
e:\repos\dyneengine\dynevulkan\x64\mtdebug\dynevulkan.tlog\cl.command.1.tlog
e:\repos\dyneengine\dynevulkan\x64\mtdebug\dynevulkan.tlog\cl.read.1.tlog
e:\repos\dyneengine\dynevulkan\x64\mtdebug\dynevulkan.tlog\cl.write.1.tlog
e:\repos\dyneengine\dynevulkan\x64\mtdebug\dynevulkan.tlog\link.command.1.tlog
e:\repos\dyneengine\dynevulkan\x64\mtdebug\dynevulkan.tlog\link.read.1.tlog
e:\repos\dyneengine\dynevulkan\x64\mtdebug\dynevulkan.tlog\link.write.1.tlog
